# JRE version: Java(TM) SE Runtime Environment (7.0_55-b13) (build 1.7.0_55-b13)
# Java VM: Java HotSpot(TM) 64-Bit Server VM (24.55-b03 mixed mode windows-amd64 compressed oops)
Heap
 PSYoungGen      total 38912K, used 16375K [0x00000007d5500000, 0x00000007da100000, 0x0000000800000000)
  eden space 33792K, 33% used [0x00000007d5500000,0x00000007d6004dd0,0x00000007d7600000)
  from space 5120K, 99% used [0x00000007d7b00000,0x00000007d7ff91b8,0x00000007d8000000)
  to   space 5120K, 0% used [0x00000007d7600000,0x00000007d7600000,0x00000007d7b00000)
 ParOldGen       total 87040K, used 48733K [0x0000000780000000, 0x0000000785500000, 0x00000007d5500000)
  object space 87040K, 55% used [0x0000000780000000,0x0000000782f976c0,0x0000000785500000)
 PSPermGen       total 26112K, used 13735K [0x000000077ae00000, 0x000000077c780000, 0x0000000780000000)
  object space 26112K, 52% used [0x000000077ae00000,0x000000077bb69e90,0x000000077c780000)
GC Heap History (10 events):
Event: 3.561 GC heap before
{Heap before GC invocations=1 (full 0):
 PSYoungGen      total 38912K, used 33792K [0x00000007d5500000, 0x00000007d8000000, 0x0000000800000000)
  eden space 33792K, 100% used [0x00000007d5500000,0x00000007d7600000,0x00000007d7600000)
  from space 5120K, 0% used [0x00000007d7b00000,0x00000007d7b00000,0x00000007d8000000)
  to   space 5120K, 0% used [0x00000007d7600000,0x00000007d7600000,0x00000007d7b00000)
 ParOldGen       total 87040K, used 0K [0x0000000780000000, 0x0000000785500000, 0x00000007d5500000)
  object space 87040K, 0% used [0x0000000780000000,0x0000000780000000,0x0000000785500000)
 PSPermGen       total 21504K, used 12345K [0x000000077ae00000, 0x000000077c300000, 0x0000000780000000)
  object space 21504K, 57% used [0x000000077ae00000,0x000000077ba0e7c0,0x000000077c300000)
Event: 3.571 GC heap after
Heap after GC invocations=1 (full 0):
 PSYoungGen      total 38912K, used 5105K [0x00000007d5500000, 0x00000007d8000000, 0x0000000800000000)
  eden space 33792K, 0% used [0x00000007d5500000,0x00000007d5500000,0x00000007d7600000)
  from space 5120K, 99% used [0x00000007d7600000,0x00000007d7afc538,0x00000007d7b00000)
  to   space 5120K, 0% used [0x00000007d7b00000,0x00000007d7b00000,0x00000007d8000000)
 ParOldGen       total 87040K, used 4915K [0x0000000780000000, 0x0000000785500000, 0x00000007d5500000)
  object space 87040K, 5% used [0x0000000780000000,0x00000007804ccf08,0x0000000785500000)
 PSPermGen       total 21504K, used 12345K [0x000000077ae00000, 0x000000077c300000, 0x0000000780000000)
  object space 21504K, 57% used [0x000000077ae00000,0x000000077ba0e7c0,0x000000077c300000)
}
Event: 4.223 GC heap before
{Heap before GC invocations=2 (full 0):
 PSYoungGen      total 38912K, used 11833K [0x00000007d5500000, 0x00000007d8000000, 0x0000000800000000)
  eden space 33792K, 19% used [0x00000007d5500000,0x00000007d5b92190,0x00000007d7600000)
  from space 5120K, 99% used [0x00000007d7600000,0x00000007d7afc538,0x00000007d7b00000)
  to   space 5120K, 0% used [0x00000007d7b00000,0x00000007d7b00000,0x00000007d8000000)
 ParOldGen       total 87040K, used 4915K [0x0000000780000000, 0x0000000785500000, 0x00000007d5500000)
  object space 87040K, 5% used [0x0000000780000000,0x00000007804ccf08,0x0000000785500000)
 PSPermGen       total 21504K, used 13051K [0x000000077ae00000, 0x000000077c300000, 0x0000000780000000)
  object space 21504K, 60% used [0x000000077ae00000,0x000000077babeda8,0x000000077c300000)
Event: 4.241 GC heap after
Heap after GC invocations=2 (full 0):
 PSYoungGen      total 38912K, used 5113K [0x00000007d5500000, 0x00000007d8000000, 0x0000000800000000)
  eden space 33792K, 0% used [0x00000007d5500000,0x00000007d5500000,0x00000007d7600000)
  from space 5120K, 99% used [0x00000007d7b00000,0x00000007d7ffe670,0x00000007d8000000)
  to   space 5120K, 0% used [0x00000007d7600000,0x00000007d7600000,0x00000007d7b00000)
 ParOldGen       total 87040K, used 5951K [0x0000000780000000, 0x0000000785500000, 0x00000007d5500000)
  object space 87040K, 6% used [0x0000000780000000,0x00000007805cfd08,0x0000000785500000)
 PSPermGen       total 21504K, used 13051K [0x000000077ae00000, 0x000000077c300000, 0x0000000780000000)
  object space 21504K, 60% used [0x000000077ae00000,0x000000077babeda8,0x000000077c300000)
}
Event: 4.241 GC heap before
{Heap before GC invocations=3 (full 1):
 PSYoungGen      total 38912K, used 5113K [0x00000007d5500000, 0x00000007d8000000, 0x0000000800000000)
  eden space 33792K, 0% used [0x00000007d5500000,0x00000007d5500000,0x00000007d7600000)
  from space 5120K, 99% used [0x00000007d7b00000,0x00000007d7ffe670,0x00000007d8000000)
  to   space 5120K, 0% used [0x00000007d7600000,0x00000007d7600000,0x00000007d7b00000)
 ParOldGen       total 87040K, used 5951K [0x0000000780000000, 0x0000000785500000, 0x00000007d5500000)
  object space 87040K, 6% used [0x0000000780000000,0x00000007805cfd08,0x0000000785500000)
 PSPermGen       total 21504K, used 13051K [0x000000077ae00000, 0x000000077c300000, 0x0000000780000000)
  object space 21504K, 60% used [0x000000077ae00000,0x000000077babeda8,0x000000077c300000)
Event: 4.319 GC heap after
Heap after GC invocations=3 (full 1):
 PSYoungGen      total 38912K, used 0K [0x00000007d5500000, 0x00000007d8000000, 0x0000000800000000)
  eden space 33792K, 0% used [0x00000007d5500000,0x00000007d5500000,0x00000007d7600000)
  from space 5120K, 0% used [0x00000007d7b00000,0x00000007d7b00000,0x00000007d8000000)
  to   space 5120K, 0% used [0x00000007d7600000,0x00000007d7600000,0x00000007d7b00000)
 ParOldGen       total 87040K, used 9724K [0x0000000780000000, 0x0000000785500000, 0x00000007d5500000)
  object space 87040K, 11% used [0x0000000780000000,0x000000078097f0e0,0x0000000785500000)
 PSPermGen       total 26112K, used 13048K [0x000000077ae00000, 0x000000077c780000, 0x0000000780000000)
  object space 26112K, 49% used [0x000000077ae00000,0x000000077babe068,0x000000077c780000)
}
Event: 5.368 GC heap before
{Heap before GC invocations=4 (full 1):
 PSYoungGen      total 38912K, used 33792K [0x00000007d5500000, 0x00000007d8000000, 0x0000000800000000)
  eden space 33792K, 100% used [0x00000007d5500000,0x00000007d7600000,0x00000007d7600000)
  from space 5120K, 0% used [0x00000007d7b00000,0x00000007d7b00000,0x00000007d8000000)
  to   space 5120K, 0% used [0x00000007d7600000,0x00000007d7600000,0x00000007d7b00000)
 ParOldGen       total 87040K, used 9724K [0x0000000780000000, 0x0000000785500000, 0x00000007d5500000)
  object space 87040K, 11% used [0x0000000780000000,0x000000078097f0e0,0x0000000785500000)
 PSPermGen       total 26112K, used 13509K [0x000000077ae00000, 0x000000077c780000, 0x0000000780000000)
  object space 26112K, 51% used [0x000000077ae00000,0x000000077bb31510,0x000000077c780000)
Event: 5.379 GC heap after
Heap after GC invocations=4 (full 1):
 PSYoungGen      total 38912K, used 5088K [0x00000007d5500000, 0x00000007d8000000, 0x0000000800000000)
  eden space 33792K, 0% used [0x00000007d5500000,0x00000007d5500000,0x00000007d7600000)
  from space 5120K, 99% used [0x00000007d7600000,0x00000007d7af8390,0x00000007d7b00000)
  to   space 5120K, 0% used [0x00000007d7b00000,0x00000007d7b00000,0x00000007d8000000)
 ParOldGen       total 87040K, used 29210K [0x0000000780000000, 0x0000000785500000, 0x00000007d5500000)
  object space 87040K, 33% used [0x0000000780000000,0x0000000781c86958,0x0000000785500000)
 PSPermGen       total 26112K, used 13509K [0x000000077ae00000, 0x000000077c780000, 0x0000000780000000)
  object space 26112K, 51% used [0x000000077ae00000,0x000000077bb31510,0x000000077c780000)
}
Event: 6.052 GC heap before
{Heap before GC invocations=5 (full 1):
 PSYoungGen      total 38912K, used 38880K [0x00000007d5500000, 0x00000007d8000000, 0x0000000800000000)
  eden space 33792K, 100% used [0x00000007d5500000,0x00000007d7600000,0x00000007d7600000)
  from space 5120K, 99% used [0x00000007d7600000,0x00000007d7af8390,0x00000007d7b00000)
  to   space 5120K, 0% used [0x00000007d7b00000,0x00000007d7b00000,0x00000007d8000000)
 ParOldGen       total 87040K, used 29210K [0x0000000780000000, 0x0000000785500000, 0x00000007d5500000)
  object space 87040K, 33% used [0x0000000780000000,0x0000000781c86958,0x0000000785500000)
 PSPermGen       total 26112K, used 13629K [0x000000077ae00000, 0x000000077c780000, 0x0000000780000000)
  object space 26112K, 52% used [0x000000077ae00000,0x000000077bb4f770,0x000000077c780000)
Event: 6.073 GC heap after
Heap after GC invocations=5 (full 1):
 PSYoungGen      total 38912K, used 5092K [0x00000007d5500000, 0x00000007da100000, 0x0000000800000000)
  eden space 33792K, 0% used [0x00000007d5500000,0x00000007d5500000,0x00000007d7600000)
  from space 5120K, 99% used [0x00000007d7b00000,0x00000007d7ff91b8,0x00000007d8000000)
  to   space 5120K, 0% used [0x00000007d7600000,0x00000007d7600000,0x00000007d7b00000)
 ParOldGen       total 87040K, used 48733K [0x0000000780000000, 0x0000000785500000, 0x00000007d5500000)
  object space 87040K, 55% used [0x0000000780000000,0x0000000782f976c0,0x0000000785500000)
 PSPermGen       total 26112K, used 13629K [0x000000077ae00000, 0x000000077c780000, 0x0000000780000000)
  object space 26112K, 52% used [0x000000077ae00000,0x000000077bb4f770,0x000000077c780000)
}

